2023-08-22T23:31:12.088Z [PETSHOP-PAI] info: API Started!
2023-08-22T23:31:17.853Z [PETSHOP-PAI] info: API Started!
2023-08-22T23:32:10.227Z [PETSHOP-PAI] info: API Started Port 3001
2023-08-22T23:32:20.136Z [PETSHOP-PAI] info: API Started Port: 3001
2023-08-22T23:32:54.019Z [PETSHOP-PAI] info: API Started Port: 3001 
        http://localhost:3001/
2023-08-22T23:33:16.722Z [PETSHOP-PAI] error: GET  - relation "animals" does not exist
2023-08-22T23:38:01.697Z [PETSHOP-PAI] error: GET  - relation "animals" does not exist
2023-08-22T23:38:18.583Z [PETSHOP-PAI] error: POST  - relation "animals" does not exist
2023-08-22T23:38:33.115Z [PETSHOP-PAI] error: PUT  - Id, Nome, CPf, Phone, Email e Address são obrigatórios!
2023-08-22T23:38:43.323Z [PETSHOP-PAI] error: GET  - relation "animals" does not exist
2023-08-22T23:38:57.659Z [PETSHOP-PAI] error: DELETE  - relation "animals" does not exist
2023-08-22T23:43:38.672Z [PETSHOP-PAI] info: API Started Port: 3001 
        http://localhost:3001/
2023-08-22T23:47:25.051Z [PETSHOP-PAI] info: API Started Port: 3001 
        http://localhost:3001/
2023-08-22T23:47:37.358Z [PETSHOP-PAI] info: API Started Port: 3001 
        http://localhost:3001/
2023-08-22T23:48:15.107Z [PETSHOP-PAI] info: API Started Port: 3001 
        http://localhost:3001/
2023-08-22T23:48:35.619Z [PETSHOP-PAI] info: API Started Port: 3001 
        http://localhost:3001/
2023-08-22T23:49:15.331Z [PETSHOP-PAI] error: POST  - Nome e Telefone são obrigatórios!
2023-08-22T23:49:42.415Z [PETSHOP-PAI] info: POST /proprietario - {"nome":"Fernando","telefone":"27999998899"}
2023-08-22T23:49:53.094Z [PETSHOP-PAI] info: POST /proprietario - {"nome":"Milena","telefone":"27999998899"}
2023-08-22T23:49:58.470Z [PETSHOP-PAI] info: POST /proprietario - {"nome":"Vicente","telefone":"27999998899"}
2023-08-22T23:50:07.023Z [PETSHOP-PAI] info: POST /proprietario - {"nome":"Inácio","telefone":"27999998899"}
2023-08-22T23:54:37.076Z [PETSHOP-PAI] info: API Started Port: 3001 
        http://localhost:3001/
2023-08-22T23:54:50.906Z [PETSHOP-PAI] info: GET /proprietario
2023-08-22T23:54:56.043Z [PETSHOP-PAI] info: GET /proprietario
2023-08-22T23:55:03.773Z [PETSHOP-PAI] info: DELETE /proprietario
2023-08-22T23:55:07.907Z [PETSHOP-PAI] info: GET /proprietario
2023-08-22T23:56:38.551Z [PETSHOP-PAI] info: API Started Port: 3001 
        http://localhost:3001/
2023-08-22T23:57:10.762Z [PETSHOP-PAI] info: PUT /proprietario - {"proprietario_id":1,"nome":"Fernando dos Santos Silva","telefone":"27999998899"}
2023-08-22T23:57:16.428Z [PETSHOP-PAI] info: GET /proprietario
2023-08-22T23:59:39.325Z [PETSHOP-PAI] info: PUT /proprietario - {"proprietario_id":1,"nome":"Fernando dos Santos Silva","telefone":"27 99942-4506"}
2023-08-22T23:59:55.503Z [PETSHOP-PAI] info: PUT /proprietario - {"proprietario_id":1,"nome":"Fernando Silva","telefone":"27 999424506"}
2023-08-23T00:04:48.619Z [PETSHOP-PAI] info: API Started Port: 3001 
        http://localhost:3001/
2023-08-23T00:06:42.860Z [PETSHOP-PAI] info: API Started Port: 3001 
        http://localhost:3001/
2023-08-23T00:07:43.745Z [PETSHOP-PAI] error: POST  - relation "animals" does not exist
2023-08-23T00:08:27.738Z [PETSHOP-PAI] info: API Started Port: 3001 
        http://localhost:3001/
2023-08-23T00:08:30.548Z [PETSHOP-PAI] info: POST /animal - {"nome":"Lola","tipo":"Vira-lata","proprietario_id":1}
2023-08-23T00:08:43.788Z [PETSHOP-PAI] error: POST  - insert or update on table "animais" violates foreign key constraint "fk_proprietarios"
2023-08-23T00:09:33.149Z [PETSHOP-PAI] info: GET /animal
2023-08-23T00:09:50.700Z [PETSHOP-PAI] error: PUT  - insert or update on table "animais" violates foreign key constraint "fk_proprietarios"
2023-08-23T00:09:58.496Z [PETSHOP-PAI] info: PUT /animal - {"animal_id":1,"nome":"Lola","tipo":"Vira-lata","proprietario_id":3}
2023-08-23T00:10:34.006Z [PETSHOP-PAI] info: POST /animal - {"nome":"Quimo","tipo":"Pastor Alemão","proprietario_id":1}
2023-08-23T00:10:45.709Z [PETSHOP-PAI] info: POST /animal - {"nome":"Quimo","tipo":"Cachorro","proprietario_id":1}
2023-08-23T00:10:58.562Z [PETSHOP-PAI] info: GET /animal
2023-08-23T00:11:19.047Z [PETSHOP-PAI] info: PUT /animal - {"animal_id":3,"nome":"Quimo","tipo":"Cachorro","proprietario_id":1}
2023-08-23T00:11:23.986Z [PETSHOP-PAI] info: GET /animal
2023-08-23T00:11:48.197Z [PETSHOP-PAI] info: PUT /animal - {"animal_id":1,"nome":"Lola","tipo":"Cachorro","proprietario_id":3}
2023-08-23T00:11:54.591Z [PETSHOP-PAI] info: GET /animal
2023-08-23T00:12:12.338Z [PETSHOP-PAI] info: PUT /animal - {"animal_id":4,"nome":"Loba","tipo":"Cachorro","proprietario_id":1}
2023-08-23T00:12:29.514Z [PETSHOP-PAI] info: POST /animal - {"nome":"Filhote","tipo":"Gato","proprietario_id":1}
2023-08-23T00:12:35.503Z [PETSHOP-PAI] info: GET /animal
2023-08-23T00:12:43.717Z [PETSHOP-PAI] info: GET /proprietario
2023-08-23T00:12:52.855Z [PETSHOP-PAI] info: POST /proprietario - {"nome":"Milena","telefone":"27999998899"}
2023-08-23T00:12:55.388Z [PETSHOP-PAI] info: GET /proprietario
2023-08-23T00:19:55.843Z [PETSHOP-PAI] info: GET /animal
2023-08-23T00:20:00.208Z [PETSHOP-PAI] info: GET /animal
2023-08-23T00:20:05.339Z [PETSHOP-PAI] info: GET /animal
2023-08-23T00:20:15.763Z [PETSHOP-PAI] info: DELETE /animal
2023-08-23T00:20:19.960Z [PETSHOP-PAI] info: GET /animal
2023-08-23T00:20:36.734Z [PETSHOP-PAI] info: DELETE /animal
2023-08-23T00:20:40.360Z [PETSHOP-PAI] info: GET /animal
2023-08-23T00:20:53.366Z [PETSHOP-PAI] info: POST /animal - {"nome":"Quimo","tipo":"Cachorro","proprietario_id":1}
2023-08-23T00:20:58.792Z [PETSHOP-PAI] info: GET /animal
2023-08-23T00:21:09.791Z [PETSHOP-PAI] info: GET /proprietario
2023-08-23T00:40:51.201Z [PETSHOP-PAI] info: API Started Port: 3001 
        http://localhost:3001/
2023-08-23T00:40:56.833Z [PETSHOP-PAI] error: GET  - params is not defined
2023-08-23T00:41:11.094Z [PETSHOP-PAI] info: API Started Port: 3001 
        http://localhost:3001/
2023-08-23T00:41:13.458Z [PETSHOP-PAI] info: GET /animal
2023-08-23T00:42:01.346Z [PETSHOP-PAI] info: GET /animal
2023-08-23T00:43:20.600Z [PETSHOP-PAI] info: API Started Port: 3001 
        http://localhost:3001/
2023-08-23T00:43:26.393Z [PETSHOP-PAI] info: API Started Port: 3001 
        http://localhost:3001/
2023-08-23T00:43:31.550Z [PETSHOP-PAI] info: GET /animal
2023-08-23T00:43:57.964Z [PETSHOP-PAI] info: API Started Port: 3001 
        http://localhost:3001/
2023-08-23T00:44:00.241Z [PETSHOP-PAI] info: GET /animal
2023-08-23T00:44:14.973Z [PETSHOP-PAI] info: GET /animal
2023-08-23T00:45:42.833Z [PETSHOP-PAI] info: API Started Port: 3001 
        http://localhost:3001/
2023-08-23T00:48:48.643Z [PETSHOP-PAI] info: API Started Port: 3001 
        http://localhost:3001/
2023-08-23T00:48:55.823Z [PETSHOP-PAI] error: GET  - bind message supplies 1 parameters, but prepared statement "" requires 0
2023-08-23T00:49:48.875Z [PETSHOP-PAI] info: API Started Port: 3001 
        http://localhost:3001/
2023-08-23T00:49:50.729Z [PETSHOP-PAI] error: GET  - bind message supplies 1 parameters, but prepared statement "" requires 0
2023-08-23T00:55:48.537Z [PETSHOP-PAI] info: API Started Port: 3001 
        http://localhost:3001/
2023-08-23T00:55:55.152Z [PETSHOP-PAI] error: GET  - bind message supplies 1 parameters, but prepared statement "" requires 0
2023-08-23T00:56:10.133Z [PETSHOP-PAI] info: API Started Port: 3001 
        http://localhost:3001/
2023-08-23T00:56:12.582Z [PETSHOP-PAI] error: GET  - bind message supplies 1 parameters, but prepared statement "" requires 0
2023-08-23T00:57:07.070Z [PETSHOP-PAI] info: API Started Port: 3001 
        http://localhost:3001/
2023-08-23T00:57:16.485Z [PETSHOP-PAI] info: API Started Port: 3001 
        http://localhost:3001/
2023-08-23T00:57:20.463Z [PETSHOP-PAI] error: GET  - bind message supplies 1 parameters, but prepared statement "" requires 0
2023-08-23T00:58:06.134Z [PETSHOP-PAI] info: API Started Port: 3001 
        http://localhost:3001/
2023-08-23T00:58:08.708Z [PETSHOP-PAI] info: GET /animal
2023-08-23T00:58:32.829Z [PETSHOP-PAI] info: GET /proprietario
2023-08-23T00:58:43.531Z [PETSHOP-PAI] error: GET  - bind message supplies 1 parameters, but prepared statement "" requires 0
2023-08-23T00:58:47.715Z [PETSHOP-PAI] error: GET  - bind message supplies 1 parameters, but prepared statement "" requires 0
2023-08-23T01:01:03.363Z [PETSHOP-PAI] error: GET  - bind message supplies 1 parameters, but prepared statement "" requires 0
2023-08-23T01:03:13.634Z [PETSHOP-PAI] info: API Started Port: 3001 
        http://localhost:3001/
2023-08-23T01:03:14.541Z [PETSHOP-PAI] info: GET /animal
2023-08-23T01:03:22.520Z [PETSHOP-PAI] info: GET /animal
2023-08-23T01:03:28.600Z [PETSHOP-PAI] info: GET /animal
2023-08-23T01:04:09.284Z [PETSHOP-PAI] info: PUT /animal - {"animal_id":5,"nome":"Filhote","tipo":"Gato","proprietario_id":5}
2023-08-23T01:04:14.156Z [PETSHOP-PAI] info: GET /animal
2023-08-23T01:04:18.619Z [PETSHOP-PAI] info: GET /animal
2023-08-23T01:04:26.269Z [PETSHOP-PAI] info: GET /animal
2023-08-23T01:04:33.301Z [PETSHOP-PAI] info: GET /animal
2023-08-23T01:06:11.752Z [PETSHOP-PAI] info: API Started Port: 3001 
        http://localhost:3001/
2023-08-23T01:10:10.059Z [PETSHOP-PAI] info: API Started Port: 3001 
        http://localhost:3001/
2023-08-23T01:10:31.409Z [PETSHOP-PAI] error: DELETE  - Não foi possível excluir o proprietário infromado. Existem animais associados a ele.
2023-08-23T01:10:48.902Z [PETSHOP-PAI] error: DELETE  - Não foi possível excluir o proprietário infromado. Existem animais associados a ele.
2023-08-23T01:11:10.635Z [PETSHOP-PAI] error: DELETE  - Não foi possível excluir o proprietário infromado. Existem animais associados a ele.
2023-08-23T01:11:27.130Z [PETSHOP-PAI] info: GET /animal
2023-08-23T01:11:33.135Z [PETSHOP-PAI] info: GET /animal
2023-08-23T01:12:15.381Z [PETSHOP-PAI] info: API Started Port: 3001 
        http://localhost:3001/
2023-08-23T01:12:18.541Z [PETSHOP-PAI] info: GET /animal
2023-08-23T01:12:25.715Z [PETSHOP-PAI] info: DELETE /proprietario
2023-08-23T01:12:30.707Z [PETSHOP-PAI] info: GET /proprietario
2023-08-23T01:20:19.315Z [PETSHOP-PAI] info: GET /animal
2023-08-23T01:20:24.733Z [PETSHOP-PAI] info: GET /proprietario
2023-08-23T01:20:28.220Z [PETSHOP-PAI] info: GET /proprietario
2023-08-23T01:20:31.910Z [PETSHOP-PAI] info: GET /animal
2023-08-23T01:26:18.026Z [PETSHOP-PAI] info: GET /animal
2023-08-23T01:27:36.473Z [PETSHOP-PAI] info: POST /animal - {"nome":"Totó","tipo":"Cachorro","proprietario_id":6}
2023-08-23T01:27:53.060Z [PETSHOP-PAI] info: GET /animal
2023-08-23T01:28:13.878Z [PETSHOP-PAI] info: GET /animal
2023-08-23T01:29:30.096Z [PETSHOP-PAI] info: GET /animal
2023-08-23T01:29:45.193Z [PETSHOP-PAI] info: GET /proprietario
2023-08-23T01:30:59.943Z [PETSHOP-PAI] info: GET /animal
2023-08-23T01:31:08.259Z [PETSHOP-PAI] info: GET /proprietario
2023-08-23T01:31:48.045Z [PETSHOP-PAI] info: DELETE /animal
2023-08-23T01:32:10.441Z [PETSHOP-PAI] info: GET /animal
2023-08-29T00:07:51.109Z [PETSHOP-PAI] info: API Started Port: 3001 
        http://localhost:3001/
2023-08-29T00:08:01.785Z [PETSHOP-PAI] info: API Started Port: 3001 
        http://localhost:3001/
2023-08-29T00:08:20.598Z [PETSHOP-PAI] error: GET  - column "proprietario_proprietario_id" does not exist
2023-08-29T00:12:19.921Z [PETSHOP-PAI] info: API Started Port: 3001 
        http://localhost:3001/
2023-08-29T00:12:29.441Z [PETSHOP-PAI] info: API Started Port: 3001 
        http://localhost:3001/
2023-08-29T00:12:38.547Z [PETSHOP-PAI] info: GET /proprietario
2023-08-29T00:12:48.991Z [PETSHOP-PAI] info: GET /proprietario
2023-08-29T00:13:50.587Z [PETSHOP-PAI] info: API Started Port: 3001 
        http://localhost:3001/
2023-08-29T00:14:01.347Z [PETSHOP-PAI] info: GET /proprietario
2023-08-29T00:14:15.073Z [PETSHOP-PAI] info: GET /proprietario
2023-08-29T00:15:51.735Z [PETSHOP-PAI] info: API Started Port: 3001 
        http://localhost:3001/
2023-08-29T00:16:21.660Z [PETSHOP-PAI] info: POST /proprietario - {"nome":"Milena","telefone":"27999998899"}
2023-08-29T00:16:26.714Z [PETSHOP-PAI] info: GET /proprietario
2023-08-29T00:16:53.825Z [PETSHOP-PAI] error: PUT  - WHERE parameter "proprietario_id" has invalid "undefined" value
2023-08-29T00:17:54.786Z [PETSHOP-PAI] info: API Started Port: 3001 
        http://localhost:3001/
2023-08-29T00:18:02.787Z [PETSHOP-PAI] info: API Started Port: 3001 
        http://localhost:3001/
2023-08-29T00:18:06.529Z [PETSHOP-PAI] error: PUT  - WHERE parameter "proprietarioId" has invalid "undefined" value
2023-08-29T00:18:07.880Z [PETSHOP-PAI] error: PUT  - WHERE parameter "proprietarioId" has invalid "undefined" value
2023-08-29T00:18:08.927Z [PETSHOP-PAI] error: PUT  - WHERE parameter "proprietarioId" has invalid "undefined" value
2023-08-29T00:18:30.279Z [PETSHOP-PAI] info: API Started Port: 3001 
        http://localhost:3001/
2023-08-29T00:18:32.376Z [PETSHOP-PAI] info: API Started Port: 3001 
        http://localhost:3001/
2023-08-29T00:18:35.922Z [PETSHOP-PAI] info: API Started Port: 3001 
        http://localhost:3001/
2023-08-29T00:18:47.280Z [PETSHOP-PAI] info: API Started Port: 3001 
        http://localhost:3001/
2023-08-29T00:19:59.508Z [PETSHOP-PAI] info: API Started Port: 3001 
        http://localhost:3001/
2023-08-29T00:20:06.285Z [PETSHOP-PAI] error: PUT  - WHERE parameter "proprietario_id" has invalid "undefined" value
2023-08-29T00:20:07.913Z [PETSHOP-PAI] error: PUT  - WHERE parameter "proprietario_id" has invalid "undefined" value
2023-08-29T00:20:22.138Z [PETSHOP-PAI] info: API Started Port: 3001 
        http://localhost:3001/
2023-08-29T00:20:23.970Z [PETSHOP-PAI] info: PUT /proprietario - {"proprietario_id":7,"nome":"Milena Motta Freitas dos Santos","telefone":"27 999424506"}
2023-08-29T00:21:16.940Z [PETSHOP-PAI] info: API Started Port: 3001 
        http://localhost:3001/
2023-08-29T00:21:19.255Z [PETSHOP-PAI] info: API Started Port: 3001 
        http://localhost:3001/
2023-08-29T00:21:26.397Z [PETSHOP-PAI] error: DELETE  - proprietario is not defined
2023-08-29T00:21:42.647Z [PETSHOP-PAI] info: API Started Port: 3001 
        http://localhost:3001/
2023-08-29T00:21:47.051Z [PETSHOP-PAI] info: API Started Port: 3001 
        http://localhost:3001/
2023-08-29T00:23:15.102Z [PETSHOP-PAI] info: API Started Port: 3001 
        http://localhost:3001/
2023-08-29T00:24:29.178Z [PETSHOP-PAI] info: GET /proprietario
2023-08-29T00:24:40.182Z [PETSHOP-PAI] info: POST /proprietario - {"nome":"Milena","telefone":"27999998899"}
2023-08-29T00:24:49.626Z [PETSHOP-PAI] info: DELETE /proprietario
2023-08-29T00:30:39.100Z [PETSHOP-PAI] info: API Started Port: 3001 
        http://localhost:3001/
2023-08-29T00:31:49.808Z [PETSHOP-PAI] info: API Started Port: 3001 
        http://localhost:3001/
2023-08-29T00:33:46.249Z [PETSHOP-PAI] info: API Started Port: 3001 
        http://localhost:3001/
2023-08-29T00:35:04.083Z [PETSHOP-PAI] info: API Started Port: 3001 
        http://localhost:3001/
2023-08-29T00:35:56.912Z [PETSHOP-PAI] info: API Started Port: 3001 
        http://localhost:3001/
2023-08-29T00:36:01.806Z [PETSHOP-PAI] info: API Started Port: 3001 
        http://localhost:3001/
2023-08-29T00:36:24.188Z [PETSHOP-PAI] info: GET /proprietario
2023-08-29T00:36:35.269Z [PETSHOP-PAI] info: POST /proprietario - {"nome":"Milena","telefone":"27999998899"}
2023-08-29T00:36:42.389Z [PETSHOP-PAI] error: PUT  - Id, Nome e Telefone são obrigatórios!
2023-08-29T00:36:52.962Z [PETSHOP-PAI] info: PUT /proprietario - {"proprietarioId":9,"nome":"Milena Motta Freitas dos Santos","telefone":"27 999424506"}
2023-08-29T00:36:57.485Z [PETSHOP-PAI] info: GET /proprietario
2023-08-29T00:37:17.174Z [PETSHOP-PAI] error: POST  - column "proprietario_proprietario_id" does not exist
2023-08-29T00:38:14.357Z [PETSHOP-PAI] info: API Started Port: 3001 
        http://localhost:3001/
2023-08-29T00:38:33.536Z [PETSHOP-PAI] info: API Started Port: 3001 
        http://localhost:3001/
2023-08-29T00:38:36.160Z [PETSHOP-PAI] error: POST  - column "proprietario_proprietario_id" does not exist
2023-08-29T00:40:18.332Z [PETSHOP-PAI] info: API Started Port: 3001 
        http://localhost:3001/
2023-08-29T00:40:22.433Z [PETSHOP-PAI] error: POST  - column "proprietario_proprietario_id" does not exist
2023-08-29T00:41:01.086Z [PETSHOP-PAI] error: GET  - column "proprietario_proprietario_id" does not exist
2023-08-29T00:41:40.298Z [PETSHOP-PAI] info: API Started Port: 3001 
        http://localhost:3001/
2023-08-29T00:41:45.468Z [PETSHOP-PAI] error: GET  - column "proprietario_proprietario_id" does not exist
2023-08-29T00:44:06.863Z [PETSHOP-PAI] info: API Started Port: 3001 
        http://localhost:3001/
2023-08-29T00:44:09.491Z [PETSHOP-PAI] info: GET /proprietario
2023-08-29T00:44:16.202Z [PETSHOP-PAI] error: GET  - column "proprietario_proprietario_id" does not exist
2023-08-29T00:44:17.339Z [PETSHOP-PAI] error: GET  - column "proprietario_proprietario_id" does not exist
2023-08-29T00:45:23.429Z [PETSHOP-PAI] info: API Started Port: 3001 
        http://localhost:3001/
2023-08-29T00:45:26.824Z [PETSHOP-PAI] error: GET  - column "animalId" does not exist
2023-08-29T00:46:19.262Z [PETSHOP-PAI] info: API Started Port: 3001 
        http://localhost:3001/
2023-08-29T00:46:21.298Z [PETSHOP-PAI] error: GET  - column "animalId" does not exist
2023-08-29T00:47:11.163Z [PETSHOP-PAI] info: API Started Port: 3001 
        http://localhost:3001/
2023-08-29T00:47:15.103Z [PETSHOP-PAI] info: API Started Port: 3001 
        http://localhost:3001/
2023-08-29T00:47:18.694Z [PETSHOP-PAI] error: GET  - column "animalId" does not exist
2023-08-29T00:47:19.854Z [PETSHOP-PAI] error: GET  - column "animalId" does not exist
2023-08-29T00:47:28.229Z [PETSHOP-PAI] error: GET  - column "animalId" does not exist
2023-08-29T00:47:34.824Z [PETSHOP-PAI] error: GET  - column "animalId" does not exist
2023-08-29T00:57:46.696Z [PETSHOP-PAI] info: API Started Port: 3001 
        http://localhost:3001/
2023-08-29T00:57:51.281Z [PETSHOP-PAI] info: API Started Port: 3001 
        http://localhost:3001/
2023-08-29T00:57:58.149Z [PETSHOP-PAI] error: GET  - column "proprietario_proprietario_id" does not exist
2023-08-29T00:59:53.628Z [PETSHOP-PAI] info: API Started Port: 3001 
        http://localhost:3001/
2023-08-29T01:00:00.988Z [PETSHOP-PAI] info: API Started Port: 3001 
        http://localhost:3001/
2023-08-29T01:00:21.376Z [PETSHOP-PAI] info: API Started Port: 3001 
        http://localhost:3001/
2023-08-29T01:00:25.637Z [PETSHOP-PAI] error: GET  - column "proprietario_proprietario_id" does not exist
2023-08-29T01:00:39.628Z [PETSHOP-PAI] error: GET  - column "proprietario_proprietario_id" does not exist
2023-08-29T01:01:01.492Z [PETSHOP-PAI] info: API Started Port: 3001 
        http://localhost:3001/
2023-08-29T01:01:04.071Z [PETSHOP-PAI] error: GET  - column "proprietario_proprietario_id" does not exist
2023-08-29T01:03:33.088Z [PETSHOP-PAI] info: API Started Port: 3001 
        http://localhost:3001/
2023-08-29T01:03:39.835Z [PETSHOP-PAI] info: GET /animal
2023-08-29T01:04:26.057Z [PETSHOP-PAI] info: API Started Port: 3001 
        http://localhost:3001/
2023-08-29T01:04:29.841Z [PETSHOP-PAI] info: GET /animal
2023-08-29T01:04:35.094Z [PETSHOP-PAI] info: GET /animal
2023-08-29T01:04:39.445Z [PETSHOP-PAI] info: GET /animal
2023-08-29T01:05:18.023Z [PETSHOP-PAI] info: API Started Port: 3001 
        http://localhost:3001/
2023-08-29T01:05:23.047Z [PETSHOP-PAI] info: GET /animal
2023-08-29T01:05:37.541Z [PETSHOP-PAI] error: GET  - Animal.find is not a function
2023-08-29T01:06:09.333Z [PETSHOP-PAI] info: API Started Port: 3001 
        http://localhost:3001/
2023-08-29T01:06:12.947Z [PETSHOP-PAI] error: GET  - Animal.findall is not a function
2023-08-29T01:06:22.037Z [PETSHOP-PAI] info: API Started Port: 3001 
        http://localhost:3001/
2023-08-29T01:06:23.930Z [PETSHOP-PAI] info: GET /animal
2023-08-29T01:06:29.936Z [PETSHOP-PAI] info: GET /animal
2023-08-29T01:06:35.538Z [PETSHOP-PAI] info: GET /animal
2023-08-29T01:06:39.974Z [PETSHOP-PAI] info: GET /animal
2023-08-29T01:06:44.155Z [PETSHOP-PAI] info: GET /animal
2023-08-29T01:13:55.122Z [PETSHOP-PAI] info: API Started Port: 3001 
        http://localhost:3001/
2023-08-29T01:14:01.205Z [PETSHOP-PAI] info: GET /animal
2023-08-29T01:14:09.120Z [PETSHOP-PAI] info: API Started Port: 3001 
        http://localhost:3001/
2023-08-29T01:14:13.635Z [PETSHOP-PAI] info: GET /animal
2023-08-29T01:17:01.737Z [PETSHOP-PAI] info: API Started Port: 3001 
        http://localhost:3001/
2023-08-29T01:17:09.337Z [PETSHOP-PAI] error: PUT  - Id, Nome, tipo e Proprietario_Id são obrigatórios!
2023-08-29T01:17:17.331Z [PETSHOP-PAI] error: PUT  - Id, Nome, tipo e Proprietario_Id são obrigatórios!
2023-08-29T01:17:22.629Z [PETSHOP-PAI] info: PUT /animal - {"animalId":5,"nome":"Filhote","tipo":"Gato","proprietarioId":5}
2023-08-29T01:17:34.205Z [PETSHOP-PAI] info: GET /animal
2023-08-29T01:17:43.596Z [PETSHOP-PAI] info: GET /proprietario
